{"name": "test_cart_after_login", "status": "failed", "statusDetails": {"message": "AssertionError: assert False\n +  where False = is_visible()\n +    where is_visible = <Locator frame=<Frame name= url='https://automationexercise.com/view_cart'> selector='.cart_description >> nth=0'>.is_visible\n +      where <Locator frame=<Frame name= url='https://automationexercise.com/view_cart'> selector='.cart_description >> nth=0'> = <Locator frame=<Frame name= url='https://automationexercise.com/view_cart'> selector='.cart_description'>.first\n +        where <Locator frame=<Frame name= url='https://automationexercise.com/view_cart'> selector='.cart_description'> = locator('.cart_description')\n +          where locator = <Page url='https://automationexercise.com/view_cart'>.locator", "trace": "page = <Page url='https://automationexercise.com/view_cart'>, ensure_registered_user = None\ntest_user = {'email': 'tymur_8c26f8@example.com', 'name': 'TymurTest', 'password': 'TestPass123'}\n\n    def test_cart_after_login(page, ensure_registered_user, test_user):\n        page.goto(\"https://automationexercise.com\")\n        page.click(\"text=Products\")\n        page.fill(\"input#search_product\", \"Dress\")\n        page.click(\"button#submit_search\")\n        page.click(\"text=Add to cart >> nth=0\")\n        page.click(\"text=Cart\")\n>       assert page.locator(\".cart_description\").first.is_visible()\nE       AssertionError: assert False\nE        +  where False = is_visible()\nE        +    where is_visible = <Locator frame=<Frame name= url='https://automationexercise.com/view_cart'> selector='.cart_description >> nth=0'>.is_visible\nE        +      where <Locator frame=<Frame name= url='https://automationexercise.com/view_cart'> selector='.cart_description >> nth=0'> = <Locator frame=<Frame name= url='https://automationexercise.com/view_cart'> selector='.cart_description'>.first\nE        +        where <Locator frame=<Frame name= url='https://automationexercise.com/view_cart'> selector='.cart_description'> = locator('.cart_description')\nE        +          where locator = <Page url='https://automationexercise.com/view_cart'>.locator\n\ntests\\test_categories_brands.py:53: AssertionError"}, "start": 1752412642581, "stop": 1752412648144, "uuid": "45dece11-80da-4166-adc8-8677e75d4fa0", "historyId": "64cee78a03b669b58ed61f0550ae1db6", "testCaseId": "64cee78a03b669b58ed61f0550ae1db6", "fullName": "tests.test_categories_brands#test_cart_after_login", "labels": [{"name": "parentSuite", "value": "tests"}, {"name": "suite", "value": "test_categories_brands"}, {"name": "host", "value": "DESKTOP-BTCJ9P6"}, {"name": "thread", "value": "4552-MainThread"}, {"name": "framework", "value": "pytest"}, {"name": "language", "value": "cpython3"}, {"name": "package", "value": "tests.test_categories_brands"}]}