{"uid":"2c9e44a4bc17b366","name":"test_login_user_correct","fullName":"tests.test_auth_flow#test_login_user_correct","historyId":"af101ee99385e6cbf6385c639b6a8b0e","time":{"start":1752417679953,"stop":1752417685314,"duration":5361},"status":"failed","statusMessage":"AssertionError: assert False\n +  where False = is_visible()\n +    where is_visible = <Locator frame=<Frame name= url='https://automationexercise.com/login'> selector='text=Logged in as'>.is_visible\n +      where <Locator frame=<Frame name= url='https://automationexercise.com/login'> selector='text=Logged in as'> = locator('text=Logged in as')\n +        where locator = <Page url='https://automationexercise.com/login'>.locator","statusTrace":"page = <Page url='https://automationexercise.com/login'>, test_user = {'email': 'tymur_8c2884@example.com', 'name': 'TymurTest', 'password': 'TestPass123'}\n\n    def test_login_user_correct(page,  test_user):\n        go_to_signup_login(page)\n        login_user(page, test_user[\"email\"], test_user[\"password\"])\n>       assert page.locator(\"text=Logged in as\").is_visible()\nE       AssertionError: assert False\nE        +  where False = is_visible()\nE        +    where is_visible = <Locator frame=<Frame name= url='https://automationexercise.com/login'> selector='text=Logged in as'>.is_visible\nE        +      where <Locator frame=<Frame name= url='https://automationexercise.com/login'> selector='text=Logged in as'> = locator('text=Logged in as')\nE        +        where locator = <Page url='https://automationexercise.com/login'>.locator\n\ntests\\test_auth_flow.py:59: AssertionError","flaky":false,"newFailed":false,"newBroken":false,"newPassed":false,"retriesCount":0,"retriesStatusChange":false,"beforeStages":[{"name":"page","time":{"start":1752417677826,"stop":1752417679952,"duration":2126},"status":"passed","steps":[],"attachments":[],"parameters":[],"shouldDisplayMessage":false,"stepsCount":0,"attachmentsCount":0,"hasContent":false,"attachmentStep":false}],"testStage":{"status":"failed","statusMessage":"AssertionError: assert False\n +  where False = is_visible()\n +    where is_visible = <Locator frame=<Frame name= url='https://automationexercise.com/login'> selector='text=Logged in as'>.is_visible\n +      where <Locator frame=<Frame name= url='https://automationexercise.com/login'> selector='text=Logged in as'> = locator('text=Logged in as')\n +        where locator = <Page url='https://automationexercise.com/login'>.locator","statusTrace":"page = <Page url='https://automationexercise.com/login'>, test_user = {'email': 'tymur_8c2884@example.com', 'name': 'TymurTest', 'password': 'TestPass123'}\n\n    def test_login_user_correct(page,  test_user):\n        go_to_signup_login(page)\n        login_user(page, test_user[\"email\"], test_user[\"password\"])\n>       assert page.locator(\"text=Logged in as\").is_visible()\nE       AssertionError: assert False\nE        +  where False = is_visible()\nE        +    where is_visible = <Locator frame=<Frame name= url='https://automationexercise.com/login'> selector='text=Logged in as'>.is_visible\nE        +      where <Locator frame=<Frame name= url='https://automationexercise.com/login'> selector='text=Logged in as'> = locator('text=Logged in as')\nE        +        where locator = <Page url='https://automationexercise.com/login'>.locator\n\ntests\\test_auth_flow.py:59: AssertionError","steps":[{"name":"Go to Signup/Login","time":{"start":1752417679954,"stop":1752417684814,"duration":4860},"status":"passed","steps":[],"attachments":[{"uid":"8ded3e83621377ba","name":"SignupLogin","source":"8ded3e83621377ba.png","type":"image/png","size":36715}],"parameters":[{"name":"page","value":"<Page url='about:blank'>"}],"shouldDisplayMessage":false,"stepsCount":0,"attachmentsCount":1,"hasContent":true,"attachmentStep":false},{"name":"Login with credentials","time":{"start":1752417684815,"stop":1752417685199,"duration":384},"status":"passed","steps":[],"attachments":[],"parameters":[{"name":"page","value":"<Page url='https://automationexercise.com/login'>"},{"name":"email","value":"'tymur_8c2884@example.com'"},{"name":"password","value":"'TestPass123'"}],"shouldDisplayMessage":false,"stepsCount":0,"attachmentsCount":0,"hasContent":true,"attachmentStep":false}],"attachments":[],"parameters":[],"shouldDisplayMessage":true,"stepsCount":2,"attachmentsCount":1,"hasContent":true,"attachmentStep":false},"afterStages":[{"name":"page::0","time":{"start":1752417685332,"stop":1752417686226,"duration":894},"status":"passed","steps":[],"attachments":[],"parameters":[],"shouldDisplayMessage":false,"stepsCount":0,"attachmentsCount":0,"hasContent":false,"attachmentStep":false}],"labels":[{"name":"parentSuite","value":"tests"},{"name":"suite","value":"test_auth_flow"},{"name":"host","value":"DESKTOP-BTCJ9P6"},{"name":"thread","value":"12100-MainThread"},{"name":"framework","value":"pytest"},{"name":"language","value":"cpython3"},{"name":"package","value":"tests.test_auth_flow"},{"name":"resultFormat","value":"allure2"}],"parameters":[],"links":[],"hidden":true,"retry":true,"extra":{"categories":[],"tags":[]},"source":"2c9e44a4bc17b366.json","parameterValues":[]}